<?xml version="1.0" encoding="UTF-8"?>
<!-- Generated by org.testng.reporters.JUnitXMLReporter -->
<testsuite hostname="KFAutie-S47" ignored="0" name="Default test" tests="3" failures="0" timestamp="06 May 2017 00:57:06 GMT" time="1.108" errors="0">
  <testcase name="testGetAccountSettings" time="0.8" classname="com.wbl.test.TestTwitterRestApi"/>
  <testcase name="testPostAccountUpdates" time="0.139" classname="com.wbl.test.TestTwitterRestApi"/>
  <testcase name="testPostMessage" time="0.121" classname="com.wbl.test.TestTwitterRestApi"/>
</testsuite> <!-- Default test -->
