<?xml version="1.0" encoding="UTF-8"?>
<!-- Generated by org.testng.reporters.JUnitXMLReporter -->
<testsuite hostname="KFAutie-S47" ignored="0" name="Default test" tests="3" failures="0" timestamp="25 Apr 2017 06:38:10 GMT" time="1.268" errors="0">
  <testcase name="testGetAccountSettings" time="0.879" classname="com.wbl.test.TestTwitterRestApi"/>
  <testcase name="testPostAccountUpdates" time="0.199" classname="com.wbl.test.TestTwitterRestApi"/>
  <testcase name="testPutAccountUpdates" time="0.158" classname="com.wbl.test.TestTwitterRestApi"/>
</testsuite> <!-- Default test -->
