<?xml version="1.0" encoding="UTF-8"?>
<!-- Generated by org.testng.reporters.JUnitXMLReporter -->
<testsuite hostname="KFAutie-S47" ignored="2" name="TwitterGET-Test" tests="1" failures="0" timestamp="25 Apr 2017 06:47:34 GMT" time="0.844" errors="0">
  <testcase name="testPostAccountUpdates" time="0.811" classname="com.wbl.test.TestTwitterRestApi"/>
  <testcase name="testPostMessage" time="0.0" classname="com.wbl.test.TestTwitterRestApi">
    <ignored/>
  </testcase> <!-- testPostMessage -->
  <testcase name="testGetAccountSettings" time="0.0" classname="com.wbl.test.TestTwitterRestApi">
    <ignored/>
  </testcase> <!-- testGetAccountSettings -->
</testsuite> <!-- TwitterGET-Test -->
