<?xml version="1.0" encoding="UTF-8"?>
<testng-results skipped="0" failed="0" ignored="0" total="3" passed="3">
  <reporter-output>
  </reporter-output>
  <suite name="Default suite" duration-ms="1108" started-at="2017-05-06T00:57:05Z" finished-at="2017-05-06T00:57:06Z">
    <groups>
    </groups>
    <test name="Default test" duration-ms="1108" started-at="2017-05-06T00:57:05Z" finished-at="2017-05-06T00:57:06Z">
      <class name="com.wbl.test.TestTwitterRestApi">
        <test-method status="PASS" signature="before()[pri:0, instance:com.wbl.test.TestTwitterRestApi@4678c730]" name="before" is-config="true" duration-ms="12" started-at="2017-05-05T17:57:05Z" finished-at="2017-05-05T17:57:05Z">
          <reporter-output>
          </reporter-output>
        </test-method> <!-- before -->
        <test-method status="PASS" signature="testGetAccountSettings()[pri:0, instance:com.wbl.test.TestTwitterRestApi@4678c730]" name="testGetAccountSettings" duration-ms="800" started-at="2017-05-05T17:57:05Z" finished-at="2017-05-05T17:57:06Z">
          <reporter-output>
          </reporter-output>
        </test-method> <!-- testGetAccountSettings -->
        <test-method status="PASS" signature="testPostAccountUpdates()[pri:0, instance:com.wbl.test.TestTwitterRestApi@4678c730]" name="testPostAccountUpdates" duration-ms="139" started-at="2017-05-05T17:57:06Z" finished-at="2017-05-05T17:57:06Z">
          <reporter-output>
          </reporter-output>
        </test-method> <!-- testPostAccountUpdates -->
        <test-method status="PASS" signature="testPostMessage()[pri:0, instance:com.wbl.test.TestTwitterRestApi@4678c730]" name="testPostMessage" duration-ms="121" started-at="2017-05-05T17:57:06Z" finished-at="2017-05-05T17:57:06Z">
          <reporter-output>
          </reporter-output>
        </test-method> <!-- testPostMessage -->
      </class> <!-- com.wbl.test.TestTwitterRestApi -->
    </test> <!-- Default test -->
  </suite> <!-- Default suite -->
</testng-results>
