<?xml version="1.0" encoding="UTF-8"?>
<testng-results skipped="0" failed="0" ignored="2" total="3" passed="1">
  <reporter-output>
  </reporter-output>
  <suite name="Suite" duration-ms="844" started-at="2017-04-25T06:47:33Z" finished-at="2017-04-25T06:47:34Z">
    <groups>
    </groups>
    <test name="TwitterGET-Test" duration-ms="844" started-at="2017-04-25T06:47:33Z" finished-at="2017-04-25T06:47:34Z">
      <class name="com.wbl.test.TestTwitterRestApi">
        <test-method status="PASS" signature="before()[pri:0, instance:com.wbl.test.TestTwitterRestApi@cc285f4]" name="before" is-config="true" duration-ms="15" started-at="2017-04-24T23:47:33Z" finished-at="2017-04-24T23:47:33Z">
          <reporter-output>
          </reporter-output>
        </test-method> <!-- before -->
        <test-method status="PASS" signature="testPostAccountUpdates()[pri:0, instance:com.wbl.test.TestTwitterRestApi@cc285f4]" name="testPostAccountUpdates" duration-ms="811" started-at="2017-04-24T23:47:33Z" finished-at="2017-04-24T23:47:34Z">
          <reporter-output>
          </reporter-output>
        </test-method> <!-- testPostAccountUpdates -->
      </class> <!-- com.wbl.test.TestTwitterRestApi -->
    </test> <!-- TwitterGET-Test -->
  </suite> <!-- Suite -->
</testng-results>
